<?xml version="1.0" encoding="UTF-8"?>
<!-- Generated by org.testng.reporters.JUnitReportReporter -->
<testsuite name="keyword.RunScripts" tests="1" time="184.853" ignored="0" failures="0" timestamp="20 Feb 2017 05:20:09 GMT" skipped="0" hostname="VSI-LAP-39" errors="0">
  <testcase name="runScripts" time="184.853" classname="keyword.RunScripts"/>
</testsuite> <!-- keyword.RunScripts -->
