<?xml version="1.0" encoding="UTF-8"?>
<!-- Generated by org.testng.reporters.JUnitReportReporter -->
<<<<<<< HEAD
<testsuite hostname="VSI-LAP-45" name="keyword.RunScripts" tests="1" failures="0" timestamp="18 Feb 2017 08:45:10 GMT" time="88.171" errors="0">
  <testcase name="runScripts" time="88.171" classname="keyword.RunScripts"/>
=======
<testsuite name="keyword.RunScripts" tests="1" time="184.853" ignored="0" failures="0" timestamp="20 Feb 2017 05:20:09 GMT" skipped="0" hostname="VSI-LAP-39" errors="0">
  <testcase name="runScripts" time="184.853" classname="keyword.RunScripts"/>
>>>>>>> branch 'master' of https://github.com/AparnaC90/iTF.git
</testsuite> <!-- keyword.RunScripts -->
