<?xml version="1.0" encoding="UTF-8"?>
<!-- Generated by org.testng.reporters.JUnitReportReporter -->
<testsuite hostname="VSI-LAP-45" name="keyword.RunScripts" tests="1" failures="0" timestamp="18 Feb 2017 08:45:10 GMT" time="88.171" errors="0">
  <testcase name="runScripts" time="88.171" classname="keyword.RunScripts"/>
</testsuite> <!-- keyword.RunScripts -->
